<?xml version="1.0" encoding="UTF-8"?>
<!-- Generated by org.testng.reporters.JUnitXMLReporter -->
<testsuite ignored="0" hostname="LAPTOP-HO2AT0S9" failures="4" tests="4" name="Test" time="11.214" errors="0" timestamp="2025-03-09T02:28:01 IST">
  <testcase classname="test_class_package.post_TC1" name="create" time="6.001">
    <failure type="java.lang.AssertionError" message="expected [2025-03-09] but found [2025-03-08]">
      <![CDATA[java.lang.AssertionError: expected [2025-03-09] but found [2025-03-08]
at test_class_package.post_TC1.validator(post_TC1.java:69)
at test_class_package.post_TC1.create(post_TC1.java:29)
at java.base/java.util.ArrayList.forEach(ArrayList.java:1511)
... Removed 33 stack frames]]>
    </failure>
  </testcase> <!-- create -->
  <testcase classname="test_class_package.post_TC2" name="create" time="1.603">
    <failure type="java.lang.AssertionError" message="expected [2025-03-09] but found [2025-03-08]">
      <![CDATA[java.lang.AssertionError: expected [2025-03-09] but found [2025-03-08]
at test_class_package.post_TC2.validator(post_TC2.java:69)
at test_class_package.post_TC2.create(post_TC2.java:29)
at java.base/java.util.ArrayList.forEach(ArrayList.java:1511)
... Removed 33 stack frames]]>
    </failure>
  </testcase> <!-- create -->
  <testcase classname="test_class_package.post_TC3" name="create" time="1.761">
    <failure type="java.lang.AssertionError" message="expected [2025-03-09] but found [2025-03-08]">
      <![CDATA[java.lang.AssertionError: expected [2025-03-09] but found [2025-03-08]
at test_class_package.post_TC3.validator(post_TC3.java:68)
at test_class_package.post_TC3.create(post_TC3.java:29)
at java.base/java.util.ArrayList.forEach(ArrayList.java:1511)
... Removed 33 stack frames]]>
    </failure>
  </testcase> <!-- create -->
  <testcase classname="test_class_package.post_TC4" name="create" time="1.631">
    <failure type="java.lang.AssertionError" message="expected [2025-03-09] but found [2025-03-08]">
      <![CDATA[java.lang.AssertionError: expected [2025-03-09] but found [2025-03-08]
at test_class_package.post_TC4.validator(post_TC4.java:68)
at test_class_package.post_TC4.create(post_TC4.java:29)
at java.base/java.util.ArrayList.forEach(ArrayList.java:1511)
... Removed 33 stack frames]]>
    </failure>
  </testcase> <!-- create -->
</testsuite> <!-- Test -->
